<?xml version="1.0" encoding="UTF-8"?>
<!-- Generated by org.testng.reporters.JUnitXMLReporter -->
<testsuite hostname="LAPTOP-1F0JMU93" ignored="0" name="VerifyMonthlyMyTdecuAccountTransfer Test Cases" tests="1" failures="1" timestamp="24 Jan 2019 20:21:24 GMT" time="51.091" errors="0">
  <testcase name="verifyMonthlyTransfer" time="30.158" classname="com.TestCases.VerifyMonthlyMyTdecuAccountTransfer">
    <failure type="java.lang.AssertionError" message="expected [true] but found [false]">
      <![CDATA[java.lang.AssertionError: expected [true] but found [false]
at com.FrameworkComponents.GenericKeywords.verifyDropdownSelection(GenericKeywords.java:42)
at com.TestCases.VerifyMonthlyMyTdecuAccountTransfer.verifyMonthlyTransfer(VerifyMonthlyMyTdecuAccountTransfer.java:75)
... Removed 29 stack frames]]>
    </failure>
  </testcase> <!-- verifyMonthlyTransfer -->
</testsuite> <!-- VerifyMonthlyMyTdecuAccountTransfer Test Cases -->
