<!DOCTYPE html PUBLIC "-//W3C//DTD XHTML 1.1//EN" "http://www.w3.org/TR/xhtml11/DTD/xhtml11.dtd">
<html xmlns="http://www.w3.org/1999/xhtml">
<head>
<meta http-equiv="content-type" content="text/html; charset=UTF-8"/>
<title>TestNG Report</title>
<style type="text/css">table {margin-bottom:10px;border-collapse:collapse;empty-cells:show}th,td {border:1px solid #009;padding:.25em .5em}th {vertical-align:bottom}td {vertical-align:top}table a {font-weight:bold}.stripe td {background-color: #E6EBF9}.num {text-align:right}.passedodd td {background-color: #3F3}.passedeven td {background-color: #0A0}.skippedodd td {background-color: #DDD}.skippedeven td {background-color: #CCC}.failedodd td,.attn {background-color: #F33}.failedeven td,.stripe .attn {background-color: #D00}.stacktrace {white-space:pre;font-family:monospace}.totop {font-size:85%;text-align:center;border-bottom:2px solid #000}.invisible {display:none}</style>
</head>
<body>
<table>
<tr><th>Test</th><th># Passed</th><th># Skipped</th><th># Failed</th><th>Time (ms)</th><th>Included Groups</th><th>Excluded Groups</th></tr>
<tr><th colspan="7">OLB My TDECU Transfer Test Suite</th></tr>
<tr><td><a href="#t0">VerifyOnetimeMyTdecuAccountTransfer Test Cases</a></td><td class="num">1</td><td class="num">0</td><td class="num">0</td><td class="num">57,821</td><td></td><td></td></tr>
<tr class="stripe"><td><a href="#t1">VerifyDailyMyTdecuAccountTransfer Test Cases</a></td><td class="num">1</td><td class="num">0</td><td class="num">0</td><td class="num">54,516</td><td></td><td></td></tr>
<tr><td><a href="#t2">VerifyWeeklyMyTdecuAccountTransfer Test Cases</a></td><td class="num">0</td><td class="num">0</td><td class="num attn">1</td><td class="num">82,867</td><td></td><td></td></tr>
<tr class="stripe"><td><a href="#t3">VerifyMonthlyMyTdecuAccountTransfer Test Cases</a></td><td class="num">0</td><td class="num">0</td><td class="num attn">1</td><td class="num">51,091</td><td></td><td></td></tr>
<tr><th>Total</th><th class="num">2</th><th class="num">0</th><th class="num attn">2</th><th class="num">246,295</th><th colspan="2"></th></tr>
</table>
<table id='summary'><thead><tr><th>Class</th><th>Method</th><th>Start</th><th>Time (ms)</th></tr></thead><tbody><tr><th colspan="4">OLB My TDECU Transfer Test Suite</th></tr></tbody><tbody id="t0"><tr><th colspan="4">VerifyOnetimeMyTdecuAccountTransfer Test Cases &#8212; passed</th></tr><tr class="passedeven"><td rowspan="1">com.TestCases.VerifyOnetimeMyTdecuAccountTransfer</td><td><a href="#m0">verifyOneTimeTransfer</a></td><td rowspan="1">1548361060626</td><td rowspan="1">33924</td></tr></tbody>
<tbody id="t1"><tr><th colspan="4">VerifyDailyMyTdecuAccountTransfer Test Cases &#8212; passed</th></tr><tr class="passedeven"><td rowspan="1">com.TestCases.VerifyDailyMyTdecuAccountTransfer</td><td><a href="#m1">verifyDailyTransfer</a></td><td rowspan="1">1548361114971</td><td rowspan="1">34741</td></tr></tbody>
<tbody id="t2"><tr><th colspan="4">VerifyWeeklyMyTdecuAccountTransfer Test Cases &#8212; failed</th></tr><tr class="failedeven"><td rowspan="1">com.TestCases.VerifyWeeklyMyTdecuAccountTransfer</td><td><a href="#m2">verifyWeeklyTransfer</a></td><td rowspan="1">1548361168947</td><td rowspan="1">63597</td></tr></tbody>
<tbody id="t3"><tr><th colspan="4">VerifyMonthlyMyTdecuAccountTransfer Test Cases &#8212; failed</th></tr><tr class="failedeven"><td rowspan="1">com.TestCases.VerifyMonthlyMyTdecuAccountTransfer</td><td><a href="#m3">verifyMonthlyTransfer</a></td><td rowspan="1">1548361253638</td><td rowspan="1">30158</td></tr></tbody>
</table>
<h2>VerifyOnetimeMyTdecuAccountTransfer Test Cases</h2><h3 id="m0">com.TestCases.VerifyOnetimeMyTdecuAccountTransfer#verifyOneTimeTransfer</h3><table class="result"><tr><th class="invisible"/></tr></table><p class="totop"><a href="#summary">back to summary</a></p>
<h2>VerifyDailyMyTdecuAccountTransfer Test Cases</h2><h3 id="m1">com.TestCases.VerifyDailyMyTdecuAccountTransfer#verifyDailyTransfer</h3><table class="result"><tr><th class="invisible"/></tr></table><p class="totop"><a href="#summary">back to summary</a></p>
<h2>VerifyWeeklyMyTdecuAccountTransfer Test Cases</h2><h3 id="m2">com.TestCases.VerifyWeeklyMyTdecuAccountTransfer#verifyWeeklyTransfer</h3><table class="result"><tr><th>Exception</th></tr><tr><td><div class="stacktrace">org.openqa.selenium.TimeoutException: Expected condition failed: waiting for visibility of element located by By.xpath: //div[@id=&apos;frmConfirm_confirmDialog_confirmHeaders_lblHeading&apos;] (tried for 10 second(s) with 500 milliseconds interval)
	at org.openqa.selenium.support.ui.WebDriverWait.timeoutException(WebDriverWait.java:113)
	at org.openqa.selenium.support.ui.FluentWait.until(FluentWait.java:283)
	at com.FrameworkComponents.GenericKeywords.getElement(GenericKeywords.java:16)
	at com.FrameworkComponents.GenericKeywords.verifyElementPresent(GenericKeywords.java:21)
	at com.TestCases.VerifyWeeklyMyTdecuAccountTransfer.verifyWeeklyTransfer(VerifyWeeklyMyTdecuAccountTransfer.java:92)
Caused by: org.openqa.selenium.NoSuchElementException: Cannot locate an element using By.xpath: //div[@id=&apos;frmConfirm_confirmDialog_confirmHeaders_lblHeading&apos;]
For documentation on this error, please visit: http://seleniumhq.org/exceptions/no_such_element.html
Build info: version: &apos;3.14.0&apos;, revision: &apos;aacccce0&apos;, time: &apos;2018-08-02T20:19:58.91Z&apos;
System info: host: &apos;LAPTOP-1F0JMU93&apos;, ip: &apos;192.168.1.158&apos;, os.name: &apos;Windows 10&apos;, os.arch: &apos;x86&apos;, os.version: &apos;10.0&apos;, java.version: &apos;1.8.0_181&apos;
Driver info: driver.version: unknown
	at org.openqa.selenium.support.ui.ExpectedConditions.lambda$findElement$0(ExpectedConditions.java:896)
	at java.util.Optional.orElseThrow(Unknown Source)
	at org.openqa.selenium.support.ui.ExpectedConditions.findElement(ExpectedConditions.java:895)
	at org.openqa.selenium.support.ui.ExpectedConditions.access$000(ExpectedConditions.java:44)
	at org.openqa.selenium.support.ui.ExpectedConditions$7.apply(ExpectedConditions.java:206)
	at org.openqa.selenium.support.ui.ExpectedConditions$7.apply(ExpectedConditions.java:202)
	at org.openqa.selenium.support.ui.FluentWait.until(FluentWait.java:260)
	... 28 more
... Removed 25 stack frames</div></td></tr></table><p class="totop"><a href="#summary">back to summary</a></p>
<h2>VerifyMonthlyMyTdecuAccountTransfer Test Cases</h2><h3 id="m3">com.TestCases.VerifyMonthlyMyTdecuAccountTransfer#verifyMonthlyTransfer</h3><table class="result"><tr><th>Exception</th></tr><tr><td><div class="stacktrace">java.lang.AssertionError: expected [true] but found [false]
	at com.FrameworkComponents.GenericKeywords.verifyDropdownSelection(GenericKeywords.java:42)
	at com.TestCases.VerifyMonthlyMyTdecuAccountTransfer.verifyMonthlyTransfer(VerifyMonthlyMyTdecuAccountTransfer.java:75)
... Removed 29 stack frames</div></td></tr></table><p class="totop"><a href="#summary">back to summary</a></p>
</body>
</html>
