<?xml version="1.0" encoding="UTF-8"?>
<testng-results skipped="0" failed="2" ignored="0" total="4" passed="2">
  <reporter-output>
  </reporter-output>
  <suite name="OLB My TDECU Transfer Test Suite" duration-ms="246477" started-at="2019-01-24T20:17:18Z" finished-at="2019-01-24T20:21:24Z">
    <groups>
    </groups>
    <test name="VerifyOnetimeMyTdecuAccountTransfer Test Cases" duration-ms="57821" started-at="2019-01-24T20:17:18Z" finished-at="2019-01-24T20:18:16Z">
      <class name="com.TestCases.VerifyOnetimeMyTdecuAccountTransfer">
        <test-method status="PASS" signature="setUp()[pri:0, instance:com.TestCases.VerifyOnetimeMyTdecuAccountTransfer@4f787b]" name="setUp" is-config="true" duration-ms="22133" started-at="2019-01-24T20:17:18Z" finished-at="2019-01-24T20:17:40Z">
          <reporter-output>
          </reporter-output>
        </test-method> <!-- setUp -->
        <test-method status="PASS" signature="verifyOneTimeTransfer()[pri:0, instance:com.TestCases.VerifyOnetimeMyTdecuAccountTransfer@4f787b]" name="verifyOneTimeTransfer" duration-ms="33924" started-at="2019-01-24T20:17:40Z" finished-at="2019-01-24T20:18:14Z">
          <reporter-output>
          </reporter-output>
        </test-method> <!-- verifyOneTimeTransfer -->
        <test-method status="PASS" signature="afterMethod(org.testng.ITestResult)[pri:0, instance:com.TestCases.VerifyOnetimeMyTdecuAccountTransfer@4f787b]" name="afterMethod" is-config="true" duration-ms="3" started-at="2019-01-24T20:18:14Z" finished-at="2019-01-24T20:18:14Z">
          <params>
            <param index="0">
              <value>
                <![CDATA[[TestResult name=verifyOneTimeTransfer status=SUCCESS method=VerifyOnetimeMyTdecuAccountTransfer.verifyOneTimeTransfer()[pri:0, instance:com.TestCases.VerifyOnetimeMyTdecuAccountTransfer@4f787b] output={null}]]]>
              </value>
            </param>
          </params>
          <reporter-output>
          </reporter-output>
        </test-method> <!-- afterMethod -->
        <test-method status="PASS" signature="tearDown()[pri:0, instance:com.TestCases.VerifyOnetimeMyTdecuAccountTransfer@4f787b]" name="tearDown" is-config="true" duration-ms="1720" started-at="2019-01-24T20:18:14Z" finished-at="2019-01-24T20:18:16Z">
          <reporter-output>
          </reporter-output>
        </test-method> <!-- tearDown -->
      </class> <!-- com.TestCases.VerifyOnetimeMyTdecuAccountTransfer -->
    </test> <!-- VerifyOnetimeMyTdecuAccountTransfer Test Cases -->
    <test name="VerifyDailyMyTdecuAccountTransfer Test Cases" duration-ms="54516" started-at="2019-01-24T20:18:16Z" finished-at="2019-01-24T20:19:10Z">
      <class name="com.TestCases.VerifyDailyMyTdecuAccountTransfer">
        <test-method status="PASS" signature="setUp()[pri:0, instance:com.TestCases.VerifyDailyMyTdecuAccountTransfer@2a079c]" name="setUp" is-config="true" duration-ms="18607" started-at="2019-01-24T20:18:16Z" finished-at="2019-01-24T20:18:34Z">
          <reporter-output>
          </reporter-output>
        </test-method> <!-- setUp -->
        <test-method status="PASS" signature="verifyDailyTransfer()[pri:0, instance:com.TestCases.VerifyDailyMyTdecuAccountTransfer@2a079c]" name="verifyDailyTransfer" duration-ms="34741" started-at="2019-01-24T20:18:34Z" finished-at="2019-01-24T20:19:09Z">
          <reporter-output>
          </reporter-output>
        </test-method> <!-- verifyDailyTransfer -->
        <test-method status="PASS" signature="afterMethod(org.testng.ITestResult)[pri:0, instance:com.TestCases.VerifyDailyMyTdecuAccountTransfer@2a079c]" name="afterMethod" is-config="true" duration-ms="1" started-at="2019-01-24T20:19:09Z" finished-at="2019-01-24T20:19:09Z">
          <params>
            <param index="0">
              <value>
                <![CDATA[[TestResult name=verifyDailyTransfer status=SUCCESS method=VerifyDailyMyTdecuAccountTransfer.verifyDailyTransfer()[pri:0, instance:com.TestCases.VerifyDailyMyTdecuAccountTransfer@2a079c] output={null}]]]>
              </value>
            </param>
          </params>
          <reporter-output>
          </reporter-output>
        </test-method> <!-- afterMethod -->
        <test-method status="PASS" signature="tearDown()[pri:0, instance:com.TestCases.VerifyDailyMyTdecuAccountTransfer@2a079c]" name="tearDown" is-config="true" duration-ms="1163" started-at="2019-01-24T20:19:09Z" finished-at="2019-01-24T20:19:10Z">
          <reporter-output>
          </reporter-output>
        </test-method> <!-- tearDown -->
      </class> <!-- com.TestCases.VerifyDailyMyTdecuAccountTransfer -->
    </test> <!-- VerifyDailyMyTdecuAccountTransfer Test Cases -->
    <test name="VerifyWeeklyMyTdecuAccountTransfer Test Cases" duration-ms="82867" started-at="2019-01-24T20:19:10Z" finished-at="2019-01-24T20:20:33Z">
      <class name="com.TestCases.VerifyWeeklyMyTdecuAccountTransfer">
        <test-method status="PASS" signature="setUp()[pri:0, instance:com.TestCases.VerifyWeeklyMyTdecuAccountTransfer@100d6b1]" name="setUp" is-config="true" duration-ms="18026" started-at="2019-01-24T20:19:10Z" finished-at="2019-01-24T20:19:28Z">
          <reporter-output>
          </reporter-output>
        </test-method> <!-- setUp -->
        <test-method status="FAIL" signature="verifyWeeklyTransfer()[pri:0, instance:com.TestCases.VerifyWeeklyMyTdecuAccountTransfer@100d6b1]" name="verifyWeeklyTransfer" duration-ms="63597" started-at="2019-01-24T20:19:28Z" finished-at="2019-01-24T20:20:32Z">
          <exception class="org.openqa.selenium.TimeoutException">
            <message>
              <![CDATA[Expected condition failed: waiting for visibility of element located by By.xpath: //div[@id='frmConfirm_confirmDialog_confirmHeaders_lblHeading'] (tried for 10 second(s) with 500 milliseconds interval)]]>
            </message>
            <full-stacktrace>
              <![CDATA[org.openqa.selenium.TimeoutException: Expected condition failed: waiting for visibility of element located by By.xpath: //div[@id='frmConfirm_confirmDialog_confirmHeaders_lblHeading'] (tried for 10 second(s) with 500 milliseconds interval)
at org.openqa.selenium.support.ui.WebDriverWait.timeoutException(WebDriverWait.java:113)
at org.openqa.selenium.support.ui.FluentWait.until(FluentWait.java:283)
at com.FrameworkComponents.GenericKeywords.getElement(GenericKeywords.java:16)
at com.FrameworkComponents.GenericKeywords.verifyElementPresent(GenericKeywords.java:21)
at com.TestCases.VerifyWeeklyMyTdecuAccountTransfer.verifyWeeklyTransfer(VerifyWeeklyMyTdecuAccountTransfer.java:92)
at sun.reflect.NativeMethodAccessorImpl.invoke0(Native Method)
at sun.reflect.NativeMethodAccessorImpl.invoke(Unknown Source)
at sun.reflect.DelegatingMethodAccessorImpl.invoke(Unknown Source)
at java.lang.reflect.Method.invoke(Unknown Source)
at org.testng.internal.MethodInvocationHelper.invokeMethod(MethodInvocationHelper.java:124)
at org.testng.internal.Invoker.invokeMethod(Invoker.java:580)
at org.testng.internal.Invoker.invokeTestMethod(Invoker.java:716)
at org.testng.internal.Invoker.invokeTestMethods(Invoker.java:988)
at org.testng.internal.TestMethodWorker.invokeTestMethods(TestMethodWorker.java:125)
at org.testng.internal.TestMethodWorker.run(TestMethodWorker.java:109)
at org.testng.TestRunner.privateRun(TestRunner.java:648)
at org.testng.TestRunner.run(TestRunner.java:505)
at org.testng.SuiteRunner.runTest(SuiteRunner.java:455)
at org.testng.SuiteRunner.runSequentially(SuiteRunner.java:450)
at org.testng.SuiteRunner.privateRun(SuiteRunner.java:415)
at org.testng.SuiteRunner.run(SuiteRunner.java:364)
at org.testng.SuiteRunnerWorker.runSuite(SuiteRunnerWorker.java:52)
at org.testng.SuiteRunnerWorker.run(SuiteRunnerWorker.java:84)
at org.testng.TestNG.runSuitesSequentially(TestNG.java:1208)
at org.testng.TestNG.runSuitesLocally(TestNG.java:1137)
at org.testng.TestNG.runSuites(TestNG.java:1049)
at org.testng.TestNG.run(TestNG.java:1017)
at org.testng.remote.AbstractRemoteTestNG.run(AbstractRemoteTestNG.java:114)
at org.testng.remote.RemoteTestNG.initAndRun(RemoteTestNG.java:251)
at org.testng.remote.RemoteTestNG.main(RemoteTestNG.java:77)
Caused by: org.openqa.selenium.NoSuchElementException: Cannot locate an element using By.xpath: //div[@id='frmConfirm_confirmDialog_confirmHeaders_lblHeading']
For documentation on this error, please visit: http://seleniumhq.org/exceptions/no_such_element.html
Build info: version: '3.14.0', revision: 'aacccce0', time: '2018-08-02T20:19:58.91Z'
System info: host: 'LAPTOP-1F0JMU93', ip: '192.168.1.158', os.name: 'Windows 10', os.arch: 'x86', os.version: '10.0', java.version: '1.8.0_181'
Driver info: driver.version: unknown
at org.openqa.selenium.support.ui.ExpectedConditions.lambda$findElement$0(ExpectedConditions.java:896)
at java.util.Optional.orElseThrow(Unknown Source)
at org.openqa.selenium.support.ui.ExpectedConditions.findElement(ExpectedConditions.java:895)
at org.openqa.selenium.support.ui.ExpectedConditions.access$000(ExpectedConditions.java:44)
at org.openqa.selenium.support.ui.ExpectedConditions$7.apply(ExpectedConditions.java:206)
at org.openqa.selenium.support.ui.ExpectedConditions$7.apply(ExpectedConditions.java:202)
at org.openqa.selenium.support.ui.FluentWait.until(FluentWait.java:260)
... 28 more
]]>
            </full-stacktrace>
          </exception> <!-- org.openqa.selenium.TimeoutException -->
          <reporter-output>
          </reporter-output>
        </test-method> <!-- verifyWeeklyTransfer -->
        <test-method status="PASS" signature="afterMethod(org.testng.ITestResult)[pri:0, instance:com.TestCases.VerifyWeeklyMyTdecuAccountTransfer@100d6b1]" name="afterMethod" is-config="true" duration-ms="0" started-at="2019-01-24T20:20:32Z" finished-at="2019-01-24T20:20:32Z">
          <params>
            <param index="0">
              <value>
                <![CDATA[[TestResult name=verifyWeeklyTransfer status=FAILURE method=VerifyWeeklyMyTdecuAccountTransfer.verifyWeeklyTransfer()[pri:0, instance:com.TestCases.VerifyWeeklyMyTdecuAccountTransfer@100d6b1] output={null}]]]>
              </value>
            </param>
          </params>
          <reporter-output>
          </reporter-output>
        </test-method> <!-- afterMethod -->
        <test-method status="PASS" signature="tearDown()[pri:0, instance:com.TestCases.VerifyWeeklyMyTdecuAccountTransfer@100d6b1]" name="tearDown" is-config="true" duration-ms="1239" started-at="2019-01-24T20:20:32Z" finished-at="2019-01-24T20:20:33Z">
          <reporter-output>
          </reporter-output>
        </test-method> <!-- tearDown -->
      </class> <!-- com.TestCases.VerifyWeeklyMyTdecuAccountTransfer -->
    </test> <!-- VerifyWeeklyMyTdecuAccountTransfer Test Cases -->
    <test name="VerifyMonthlyMyTdecuAccountTransfer Test Cases" duration-ms="51091" started-at="2019-01-24T20:20:33Z" finished-at="2019-01-24T20:21:24Z">
      <class name="com.TestCases.VerifyMonthlyMyTdecuAccountTransfer">
        <test-method status="PASS" signature="setUp()[pri:0, instance:com.TestCases.VerifyMonthlyMyTdecuAccountTransfer@10ab905]" name="setUp" is-config="true" duration-ms="19795" started-at="2019-01-24T20:20:33Z" finished-at="2019-01-24T20:20:53Z">
          <reporter-output>
          </reporter-output>
        </test-method> <!-- setUp -->
        <test-method status="FAIL" signature="verifyMonthlyTransfer()[pri:0, instance:com.TestCases.VerifyMonthlyMyTdecuAccountTransfer@10ab905]" name="verifyMonthlyTransfer" duration-ms="30158" started-at="2019-01-24T20:20:53Z" finished-at="2019-01-24T20:21:23Z">
          <exception class="java.lang.AssertionError">
            <message>
              <![CDATA[expected [true] but found [false]]]>
            </message>
            <full-stacktrace>
              <![CDATA[java.lang.AssertionError: expected [true] but found [false]
at org.testng.Assert.fail(Assert.java:96)
at org.testng.Assert.failNotEquals(Assert.java:776)
at org.testng.Assert.assertTrue(Assert.java:44)
at org.testng.Assert.assertTrue(Assert.java:54)
at com.FrameworkComponents.GenericKeywords.verifyDropdownSelection(GenericKeywords.java:42)
at com.TestCases.VerifyMonthlyMyTdecuAccountTransfer.verifyMonthlyTransfer(VerifyMonthlyMyTdecuAccountTransfer.java:75)
at sun.reflect.NativeMethodAccessorImpl.invoke0(Native Method)
at sun.reflect.NativeMethodAccessorImpl.invoke(Unknown Source)
at sun.reflect.DelegatingMethodAccessorImpl.invoke(Unknown Source)
at java.lang.reflect.Method.invoke(Unknown Source)
at org.testng.internal.MethodInvocationHelper.invokeMethod(MethodInvocationHelper.java:124)
at org.testng.internal.Invoker.invokeMethod(Invoker.java:580)
at org.testng.internal.Invoker.invokeTestMethod(Invoker.java:716)
at org.testng.internal.Invoker.invokeTestMethods(Invoker.java:988)
at org.testng.internal.TestMethodWorker.invokeTestMethods(TestMethodWorker.java:125)
at org.testng.internal.TestMethodWorker.run(TestMethodWorker.java:109)
at org.testng.TestRunner.privateRun(TestRunner.java:648)
at org.testng.TestRunner.run(TestRunner.java:505)
at org.testng.SuiteRunner.runTest(SuiteRunner.java:455)
at org.testng.SuiteRunner.runSequentially(SuiteRunner.java:450)
at org.testng.SuiteRunner.privateRun(SuiteRunner.java:415)
at org.testng.SuiteRunner.run(SuiteRunner.java:364)
at org.testng.SuiteRunnerWorker.runSuite(SuiteRunnerWorker.java:52)
at org.testng.SuiteRunnerWorker.run(SuiteRunnerWorker.java:84)
at org.testng.TestNG.runSuitesSequentially(TestNG.java:1208)
at org.testng.TestNG.runSuitesLocally(TestNG.java:1137)
at org.testng.TestNG.runSuites(TestNG.java:1049)
at org.testng.TestNG.run(TestNG.java:1017)
at org.testng.remote.AbstractRemoteTestNG.run(AbstractRemoteTestNG.java:114)
at org.testng.remote.RemoteTestNG.initAndRun(RemoteTestNG.java:251)
at org.testng.remote.RemoteTestNG.main(RemoteTestNG.java:77)
]]>
            </full-stacktrace>
          </exception> <!-- java.lang.AssertionError -->
          <reporter-output>
          </reporter-output>
        </test-method> <!-- verifyMonthlyTransfer -->
        <test-method status="PASS" signature="afterMethod(org.testng.ITestResult)[pri:0, instance:com.TestCases.VerifyMonthlyMyTdecuAccountTransfer@10ab905]" name="afterMethod" is-config="true" duration-ms="0" started-at="2019-01-24T20:21:23Z" finished-at="2019-01-24T20:21:23Z">
          <params>
            <param index="0">
              <value>
                <![CDATA[[TestResult name=verifyMonthlyTransfer status=FAILURE method=VerifyMonthlyMyTdecuAccountTransfer.verifyMonthlyTransfer()[pri:0, instance:com.TestCases.VerifyMonthlyMyTdecuAccountTransfer@10ab905] output={null}]]]>
              </value>
            </param>
          </params>
          <reporter-output>
          </reporter-output>
        </test-method> <!-- afterMethod -->
        <test-method status="PASS" signature="tearDown()[pri:0, instance:com.TestCases.VerifyMonthlyMyTdecuAccountTransfer@10ab905]" name="tearDown" is-config="true" duration-ms="1136" started-at="2019-01-24T20:21:23Z" finished-at="2019-01-24T20:21:24Z">
          <reporter-output>
          </reporter-output>
        </test-method> <!-- tearDown -->
      </class> <!-- com.TestCases.VerifyMonthlyMyTdecuAccountTransfer -->
    </test> <!-- VerifyMonthlyMyTdecuAccountTransfer Test Cases -->
  </suite> <!-- OLB My TDECU Transfer Test Suite -->
</testng-results>
